Using pre-set license
Built from '2021.2/release' branch; Version is '2021.2.15f1 (3b8567f665bb) revision 3900775'; Using compiler version '192829333'; Build Type 'Release'
OS: 'Windows 10  (10.0.19044) 64bit Professional' Language: 'en' Physical Memory: 8097 MB
BatchMode: 1, IsHumanControllingUs: 0, StartBugReporterOnCrash: 0, Is64bit: 1, IsPro: 1

COMMAND LINE ARGUMENTS:
C:\Program Files\Unity\Hub\Editor\2021.2.15f1\Editor\Unity.exe
-adb2
-batchMode
-noUpm
-name
AssetImportWorker8
-projectPath
D:/GITHUB/save-earth/MASTEROIDS/MASTEROIDS
-logFile
Logs/AssetImportWorker8.log
-srvPort
61454
Successfully changed project path to: D:/GITHUB/save-earth/MASTEROIDS/MASTEROIDS
D:/GITHUB/save-earth/MASTEROIDS/MASTEROIDS
[UnityMemory] Configuration Parameters - Can be set up in boot.config
    "memorysetup-bucket-allocator-granularity=16"
    "memorysetup-bucket-allocator-bucket-count=8"
    "memorysetup-bucket-allocator-block-size=33554432"
    "memorysetup-bucket-allocator-block-count=8"
    "memorysetup-main-allocator-block-size=16777216"
    "memorysetup-thread-allocator-block-size=16777216"
    "memorysetup-gfx-main-allocator-block-size=16777216"
    "memorysetup-gfx-thread-allocator-block-size=16777216"
    "memorysetup-cache-allocator-block-size=4194304"
    "memorysetup-typetree-allocator-block-size=2097152"
    "memorysetup-profiler-bucket-allocator-granularity=16"
    "memorysetup-profiler-bucket-allocator-bucket-count=8"
    "memorysetup-profiler-bucket-allocator-block-size=33554432"
    "memorysetup-profiler-bucket-allocator-block-count=8"
    "memorysetup-profiler-allocator-block-size=16777216"
    "memorysetup-profiler-editor-allocator-block-size=1048576"
    "memorysetup-temp-allocator-size-main=16777216"
    "memorysetup-job-temp-allocator-block-size=2097152"
    "memorysetup-job-temp-allocator-block-size-background=1048576"
    "memorysetup-job-temp-allocator-reduction-small-platforms=262144"
    "memorysetup-temp-allocator-size-background-worker=32768"
    "memorysetup-temp-allocator-size-job-worker=262144"
    "memorysetup-temp-allocator-size-preload-manager=33554432"
    "memorysetup-temp-allocator-size-nav-mesh-worker=65536"
    "memorysetup-temp-allocator-size-audio-worker=65536"
    "memorysetup-temp-allocator-size-cloud-worker=32768"
    "memorysetup-temp-allocator-size-gi-baking-worker=262144"
    "memorysetup-temp-allocator-size-gfx=262144"
Refreshing native plugins compatible for Editor in 187.74 ms, found 2 plugins.
Preloading 0 native plugins for Editor in 0.00 ms.
Initialize engine version: 2021.2.15f1 (3b8567f665bb)
[Subsystems] Discovering subsystems at path C:/Program Files/Unity/Hub/Editor/2021.2.15f1/Editor/Data/Resources/UnitySubsystems
[Subsystems] Discovering subsystems at path D:/GITHUB/save-earth/MASTEROIDS/MASTEROIDS/Assets
GfxDevice: creating device client; threaded=0; jobified=0
Direct3D:
    Version:  Direct3D 11.0 [level 11.1]
    Renderer: Intel(R) HD Graphics Family (ID=0xa16)
    Vendor:   Intel
    VRAM:     2048 MB
    Driver:   20.19.15.4835
Initialize mono
Mono path[0] = 'C:/Program Files/Unity/Hub/Editor/2021.2.15f1/Editor/Data/Managed'
Mono path[1] = 'C:/Program Files/Unity/Hub/Editor/2021.2.15f1/Editor/Data/MonoBleedingEdge/lib/mono/unityjit-win32'
Mono config path = 'C:/Program Files/Unity/Hub/Editor/2021.2.15f1/Editor/Data/MonoBleedingEdge/etc'
Using monoOptions --debugger-agent=transport=dt_socket,embedding=1,server=y,suspend=n,address=127.0.0.1:56204
Begin MonoManager ReloadAssembly
Registering precompiled unity dll's ...
Register platform support module: C:/Program Files/Unity/Hub/Editor/2021.2.15f1/Editor/Data/PlaybackEngines/AndroidPlayer/UnityEditor.Android.Extensions.dll
Register platform support module: C:/Program Files/Unity/Hub/Editor/2021.2.15f1/Editor/Data/PlaybackEngines/WindowsStandaloneSupport/UnityEditor.WindowsStandalone.Extensions.dll
Registered in 0.027614 seconds.
Native extension for WindowsStandalone target not found
Native extension for Android target not found
Refreshing native plugins compatible for Editor in 359.11 ms, found 2 plugins.
Preloading 0 native plugins for Editor in 0.00 ms.
Mono: successfully reloaded assembly
- Completed reload, in  3.052 seconds
Domain Reload Profiling:
	ReloadAssembly (3054ms)
		BeginReloadAssembly (198ms)
			ExecutionOrderSort (0ms)
			DisableScriptedObjects (0ms)
			BackupInstance (0ms)
			ReleaseScriptingObjects (0ms)
			CreateAndSetChildDomain (2ms)
		EndReloadAssembly (2430ms)
			LoadAssemblies (194ms)
			RebuildTransferFunctionScriptingTraits (0ms)
			SetupTypeCache (598ms)
			ReleaseScriptCaches (0ms)
			RebuildScriptCaches (170ms)
			SetupLoadedEditorAssemblies (1377ms)
				LogAssemblyErrors (0ms)
				InitializePlatformSupportModulesInManaged (317ms)
				SetLoadedEditorAssemblies (1ms)
				RefreshPlugins (359ms)
				BeforeProcessingInitializeOnLoad (5ms)
				ProcessInitializeOnLoadAttributes (443ms)
				ProcessInitializeOnLoadMethodAttributes (252ms)
				AfterProcessingInitializeOnLoad (0ms)
				EditorAssembliesLoaded (0ms)
			ExecutionOrderSort2 (0ms)
			AwakeInstancesAfterBackupRestoration (0ms)
Platform modules already initialized, skipping
Registering precompiled user dll's ...
Registered in 0.023976 seconds.
Begin MonoManager ReloadAssembly
Native extension for WindowsStandalone target not found
Native extension for Android target not found
Refreshing native plugins compatible for Editor in 198.44 ms, found 2 plugins.
Preloading 0 native plugins for Editor in 0.00 ms.
Mono: successfully reloaded assembly
- Completed reload, in  8.905 seconds
Domain Reload Profiling:
	ReloadAssembly (8908ms)
		BeginReloadAssembly (485ms)
			ExecutionOrderSort (0ms)
			DisableScriptedObjects (26ms)
			BackupInstance (0ms)
			ReleaseScriptingObjects (0ms)
			CreateAndSetChildDomain (191ms)
		EndReloadAssembly (8053ms)
			LoadAssemblies (437ms)
			RebuildTransferFunctionScriptingTraits (1ms)
			SetupTypeCache (1281ms)
			ReleaseScriptCaches (1ms)
			RebuildScriptCaches (185ms)
			SetupLoadedEditorAssemblies (6035ms)
				LogAssemblyErrors (0ms)
				InitializePlatformSupportModulesInManaged (40ms)
				SetLoadedEditorAssemblies (0ms)
				RefreshPlugins (199ms)
				BeforeProcessingInitializeOnLoad (210ms)
				ProcessInitializeOnLoadAttributes (5218ms)
				ProcessInitializeOnLoadMethodAttributes (344ms)
				AfterProcessingInitializeOnLoad (23ms)
				EditorAssembliesLoaded (0ms)
			ExecutionOrderSort2 (0ms)
			AwakeInstancesAfterBackupRestoration (15ms)
Platform modules already initialized, skipping
========================================================================
Worker process is ready to serve import requests
Launched and connected shader compiler UnityShaderCompiler.exe after 0.68 seconds
Refreshing native plugins compatible for Editor in 1.75 ms, found 2 plugins.
Preloading 0 native plugins for Editor in 0.00 ms.
Unloading 3601 Unused Serialized files (Serialized files now loaded: 0)
Unloading 45 unused Assets / (0.8 MB). Loaded Objects now: 4088.
Memory consumption went from 244.7 MB to 243.9 MB.
Total: 9.803900 ms (FindLiveObjects: 0.771000 ms CreateObjectMapping: 0.651200 ms MarkObjects: 7.642600 ms  DeleteObjects: 0.736800 ms)

AssetImportParameters requested are different than current active one (requested -> active):
  custom:video-decoder-ogg-theora: a1e56fd34408186e4bbccfd4996cb3dc -> 
  custom:container-muxer-webm: aa71ff27fc2769a1b78a27578f13a17b -> 
  custom:container-demuxer-webm: 4f35f7cbe854078d1ac9338744f61a02 -> 
  custom:video-encoder-webm-vp8: eb34c28f22e8b96e1ab97ce403110664 -> 
  custom:audio-encoder-webm-vorbis: bf7c407c2cedff20999df2af8eb42d56 -> 
  custom:framework-win-MediaFoundation: 216162199b28c13a410421893ffa2e32 -> 
  custom:container-demuxer-ogg: 62fdf1f143b41e24485cea50d1cbac27 -> 
  custom:video-decoder-webm-vp8: 9c59270c3fd7afecdb556c50c9e8de78 -> 
  custom:audio-decoder-ogg-vorbis: bf7c407c2cedff20999df2af8eb42d56 -> 
========================================================================
Received Import Request.
  Time since last request: 220612.331159 seconds.
  path: Assets/1ext/Vast Outer Space/Textures/Planet_D_NRM.png
  artifactKey: Guid(001ed8c3df8900e4caafe658839ff082) Importer(815301076,1909f56bfc062723c751e8b465ee728b)
Start importing Assets/1ext/Vast Outer Space/Textures/Planet_D_NRM.png using Guid(001ed8c3df8900e4caafe658839ff082) Importer(815301076,1909f56bfc062723c751e8b465ee728b)  -> (artifact id: 'dfa815e422b466484d22c172afb97a80') in 0.385944 seconds 
========================================================================
Received Import Request.
  Time since last request: 0.000074 seconds.
  path: Assets/1ext/EffectExamples/Fire & Explosion Effects/Textures/Explosion.tif
  artifactKey: Guid(409ef26b64696f340b2f62b41d2fc11f) Importer(815301076,1909f56bfc062723c751e8b465ee728b)
Start importing Assets/1ext/EffectExamples/Fire & Explosion Effects/Textures/Explosion.tif using Guid(409ef26b64696f340b2f62b41d2fc11f) Importer(815301076,1909f56bfc062723c751e8b465ee728b)  -> (artifact id: '4d9b9a78178da8196f156767ac297f67') in 0.567403 seconds 
========================================================================
Received Import Request.
  Time since last request: 0.000062 seconds.
  path: Assets/1ext/EffectExamples/Fire & Explosion Effects/Textures/MediumFlame01Emission.tif
  artifactKey: Guid(c6ea76e08bf04fa4b959f8b193bd459c) Importer(815301076,1909f56bfc062723c751e8b465ee728b)
Start importing Assets/1ext/EffectExamples/Fire & Explosion Effects/Textures/MediumFlame01Emission.tif using Guid(c6ea76e08bf04fa4b959f8b193bd459c) Importer(815301076,1909f56bfc062723c751e8b465ee728b)  -> (artifact id: '897a9c66f58a85bd748615f81ce5e736') in 0.246147 seconds 
========================================================================
Received Import Request.
  Time since last request: 0.000064 seconds.
  path: Assets/JMO Assets/Cartoon FX/Textures/CFX3_T_GlowDot.png
  artifactKey: Guid(3deb8633c6b720d42aab1c61a340a3af) Importer(815301076,1909f56bfc062723c751e8b465ee728b)
Start importing Assets/JMO Assets/Cartoon FX/Textures/CFX3_T_GlowDot.png using Guid(3deb8633c6b720d42aab1c61a340a3af) Importer(815301076,1909f56bfc062723c751e8b465ee728b)  -> (artifact id: 'ef821b596c0b7b0db092f2965718b3a6') in 0.089640 seconds 
========================================================================
Received Import Request.
  Time since last request: 0.000061 seconds.
  path: Assets/AsteroidPack/Textures/Asteroid_01_S_Albedo.png
  artifactKey: Guid(bcbeff6010085e64786f5222d55db756) Importer(815301076,1909f56bfc062723c751e8b465ee728b)
Start importing Assets/AsteroidPack/Textures/Asteroid_01_S_Albedo.png using Guid(bcbeff6010085e64786f5222d55db756) Importer(815301076,1909f56bfc062723c751e8b465ee728b)  -> (artifact id: 'ed2620c6acf17648a63f76570d1fd3ed') in 0.298604 seconds 
========================================================================
Received Import Request.
  Time since last request: 0.000046 seconds.
  path: Assets/1ext/EffectExamples/Fire & Explosion Effects/Textures/Flame03.tif
  artifactKey: Guid(408718fd5f763de42b12f849570ddf58) Importer(815301076,1909f56bfc062723c751e8b465ee728b)
Start importing Assets/1ext/EffectExamples/Fire & Explosion Effects/Textures/Flame03.tif using Guid(408718fd5f763de42b12f849570ddf58) Importer(815301076,1909f56bfc062723c751e8b465ee728b)  -> (artifact id: 'e059748c5980b3cadbf31d9da258c8f7') in 0.357362 seconds 
========================================================================
Received Import Request.
  Time since last request: 0.000071 seconds.
  path: Assets/1ext/EffectExamples/Magic Effects/Textures/EarthCrackAlbedo.tif
  artifactKey: Guid(8127d72dd65a1454082d10767b2fcad4) Importer(815301076,1909f56bfc062723c751e8b465ee728b)
Start importing Assets/1ext/EffectExamples/Magic Effects/Textures/EarthCrackAlbedo.tif using Guid(8127d72dd65a1454082d10767b2fcad4) Importer(815301076,1909f56bfc062723c751e8b465ee728b)  -> (artifact id: '017249a5cc099572081d03710c9565ec') in 0.180543 seconds 
========================================================================
Received Import Request.
  Time since last request: 0.000040 seconds.
  path: Assets/1ext/Vast Outer Space/Textures/Asteroid_G.png
  artifactKey: Guid(f935389eac443664ea079fd9536854bb) Importer(815301076,1909f56bfc062723c751e8b465ee728b)
Start importing Assets/1ext/Vast Outer Space/Textures/Asteroid_G.png using Guid(f935389eac443664ea079fd9536854bb) Importer(815301076,1909f56bfc062723c751e8b465ee728b)  -> (artifact id: '93257b6737301bb123640a255e8e0fdf') in 0.286872 seconds 
========================================================================
Received Import Request.
  Time since last request: 0.000074 seconds.
  path: Assets/1ext/Vast Outer Space/Textures/Asteroid_C.png
  artifactKey: Guid(f2458c1aeb59f0549a39ea52b8bb6ea8) Importer(815301076,1909f56bfc062723c751e8b465ee728b)
Start importing Assets/1ext/Vast Outer Space/Textures/Asteroid_C.png using Guid(f2458c1aeb59f0549a39ea52b8bb6ea8) Importer(815301076,1909f56bfc062723c751e8b465ee728b)  -> (artifact id: 'dc00a5248b26621c8dfcf9cd23bb349e') in 0.545086 seconds 
========================================================================
Received Import Request.
  Time since last request: 0.000058 seconds.
  path: Assets/ArvisMag_Assets/BlockySpaceShips
  artifactKey: Guid(0b06d6df1808b4346a445dee93184c14) Importer(815301076,1909f56bfc062723c751e8b465ee728b)
Start importing Assets/ArvisMag_Assets/BlockySpaceShips using Guid(0b06d6df1808b4346a445dee93184c14) Importer(815301076,1909f56bfc062723c751e8b465ee728b)  -> (artifact id: '1fd61c8da8f2c0c5e44bbd8d559c4c0a') in 0.030123 seconds 
========================================================================
Received Import Request.
  Time since last request: 0.000040 seconds.
  path: Assets/TextMesh Pro/Resources/Fonts & Materials/LiberationSans SDF - Fallback.asset
  artifactKey: Guid(2e498d1c8094910479dc3e1b768306a4) Importer(815301076,1909f56bfc062723c751e8b465ee728b)
Start importing Assets/TextMesh Pro/Resources/Fonts & Materials/LiberationSans SDF - Fallback.asset using Guid(2e498d1c8094910479dc3e1b768306a4) Importer(815301076,1909f56bfc062723c751e8b465ee728b)  -> (artifact id: '1f764fdae3488d8d63280dfe4d22abf1') in 1.572766 seconds 
========================================================================
Received Import Request.
  Time since last request: 0.000064 seconds.
  path: Assets/48 Particle Effect Pack/Texture/Light2.png
  artifactKey: Guid(3a68c8f3086de0543b68eff373f1a8a4) Importer(815301076,1909f56bfc062723c751e8b465ee728b)
Start importing Assets/48 Particle Effect Pack/Texture/Light2.png using Guid(3a68c8f3086de0543b68eff373f1a8a4) Importer(815301076,1909f56bfc062723c751e8b465ee728b)  -> (artifact id: '4a724117e76a37a0acc3fb725b925c74') in 0.093030 seconds 
========================================================================
Received Import Request.
  Time since last request: 0.000075 seconds.
  path: Assets/1ext/EffectExamples/Fire & Explosion Effects/Textures/ramp01.png
  artifactKey: Guid(99e09a9bd0f10384fa2a3bcbd5c65c9d) Importer(815301076,1909f56bfc062723c751e8b465ee728b)
Start importing Assets/1ext/EffectExamples/Fire & Explosion Effects/Textures/ramp01.png using Guid(99e09a9bd0f10384fa2a3bcbd5c65c9d) Importer(815301076,1909f56bfc062723c751e8b465ee728b)  -> (artifact id: '67aee7f8927df5a036e8624991e82b02') in 0.088781 seconds 
========================================================================
Received Import Request.
  Time since last request: 0.000108 seconds.
  path: Assets/48 Particle Effect Pack/Texture/Ring5.png
  artifactKey: Guid(b2f1d52a95d5da44cad396fe6355e4bf) Importer(815301076,1909f56bfc062723c751e8b465ee728b)
Start importing Assets/48 Particle Effect Pack/Texture/Ring5.png using Guid(b2f1d52a95d5da44cad396fe6355e4bf) Importer(815301076,1909f56bfc062723c751e8b465ee728b)  -> (artifact id: '927cc1cb9be53e51403035ed122b83cd') in 0.108708 seconds 
========================================================================
Received Import Request.
  Time since last request: 0.000049 seconds.
  path: Assets/1ext/Vast Outer Space/Textures/Nebula_E.png
  artifactKey: Guid(7e4d8ab652cb609449632e3959fa1df0) Importer(815301076,1909f56bfc062723c751e8b465ee728b)
Start importing Assets/1ext/Vast Outer Space/Textures/Nebula_E.png using Guid(7e4d8ab652cb609449632e3959fa1df0) Importer(815301076,1909f56bfc062723c751e8b465ee728b)  -> (artifact id: '4a683163699fcc480c96eb38b32c3e17') in 0.274369 seconds 
========================================================================
Received Import Request.
  Time since last request: 0.000057 seconds.
  path: Assets/48 Particle Effect Pack/Texture/Ring8.png
  artifactKey: Guid(c370d761389415a41bab75d069ae9b50) Importer(815301076,1909f56bfc062723c751e8b465ee728b)
Start importing Assets/48 Particle Effect Pack/Texture/Ring8.png using Guid(c370d761389415a41bab75d069ae9b50) Importer(815301076,1909f56bfc062723c751e8b465ee728b)  -> (artifact id: '2e8dc5aca4a9d1465940276a8f0397f5') in 0.100188 seconds 
========================================================================
Received Prepare
Registering precompiled user dll's ...
Registered in 0.014959 seconds.
Begin MonoManager ReloadAssembly
Native extension for WindowsStandalone target not found
Native extension for Android target not found
Refreshing native plugins compatible for Editor in 2.22 ms, found 2 plugins.
Preloading 0 native plugins for Editor in 0.00 ms.
Mono: successfully reloaded assembly
- Completed reload, in  5.519 seconds
Domain Reload Profiling:
	ReloadAssembly (5521ms)
		BeginReloadAssembly (477ms)
			ExecutionOrderSort (0ms)
			DisableScriptedObjects (34ms)
			BackupInstance (0ms)
			ReleaseScriptingObjects (0ms)
			CreateAndSetChildDomain (138ms)
		EndReloadAssembly (4655ms)
			LoadAssemblies (293ms)
			RebuildTransferFunctionScriptingTraits (0ms)
			SetupTypeCache (891ms)
			ReleaseScriptCaches (7ms)
			RebuildScriptCaches (327ms)
			SetupLoadedEditorAssemblies (2799ms)
				LogAssemblyErrors (0ms)
				InitializePlatformSupportModulesInManaged (101ms)
				SetLoadedEditorAssemblies (2ms)
				RefreshPlugins (3ms)
				BeforeProcessingInitializeOnLoad (404ms)
				ProcessInitializeOnLoadAttributes (1765ms)
				ProcessInitializeOnLoadMethodAttributes (462ms)
				AfterProcessingInitializeOnLoad (61ms)
				EditorAssembliesLoaded (0ms)
			ExecutionOrderSort2 (0ms)
			AwakeInstancesAfterBackupRestoration (55ms)
Platform modules already initialized, skipping
Refreshing native plugins compatible for Editor in 9.83 ms, found 2 plugins.
Preloading 0 native plugins for Editor in 0.00 ms.
Unloading 3464 Unused Serialized files (Serialized files now loaded: 0)
Unloading 22 unused Assets / (0.8 MB). Loaded Objects now: 4179.
Memory consumption went from 242.9 MB to 242.1 MB.
Total: 59.503400 ms (FindLiveObjects: 0.757300 ms CreateObjectMapping: 0.426600 ms MarkObjects: 57.060000 ms  DeleteObjects: 1.256600 ms)

AssetImportParameters requested are different than current active one (requested -> active):
  custom:video-decoder-ogg-theora: a1e56fd34408186e4bbccfd4996cb3dc -> 
  custom:container-muxer-webm: aa71ff27fc2769a1b78a27578f13a17b -> 
  custom:container-demuxer-webm: 4f35f7cbe854078d1ac9338744f61a02 -> 
  custom:video-encoder-webm-vp8: eb34c28f22e8b96e1ab97ce403110664 -> 
  custom:audio-encoder-webm-vorbis: bf7c407c2cedff20999df2af8eb42d56 -> 
  custom:framework-win-MediaFoundation: 216162199b28c13a410421893ffa2e32 -> 
  custom:container-demuxer-ogg: 62fdf1f143b41e24485cea50d1cbac27 -> 
  custom:video-decoder-webm-vp8: 9c59270c3fd7afecdb556c50c9e8de78 -> 
  custom:audio-decoder-ogg-vorbis: bf7c407c2cedff20999df2af8eb42d56 -> 
========================================================================
Received Import Request.
  Time since last request: 44.167411 seconds.
  path: Assets/ArvisMag_Assets/BlockySpaceShips/Fihter/FbxModel/Texture/Ship_Fiter_ [Albedo].png
  artifactKey: Guid(66b5bf64724b8d9469d08c0847ea1e94) Importer(815301076,1909f56bfc062723c751e8b465ee728b)
Start importing Assets/ArvisMag_Assets/BlockySpaceShips/Fihter/FbxModel/Texture/Ship_Fiter_ [Albedo].png using Guid(66b5bf64724b8d9469d08c0847ea1e94) Importer(815301076,1909f56bfc062723c751e8b465ee728b)  -> (artifact id: 'd44d74aa0c582089a0055712d4d45da4') in 0.226092 seconds 
========================================================================
Received Import Request.
  Time since last request: 20.278911 seconds.
  path: Assets/ArvisMag_Assets/BlockySpaceShips/Fihter/FbxModel/Texture/Ship_Fiter_ [Albedo] 1.png
  artifactKey: Guid(e9c18cec796d5ba40a86183cbfda296b) Importer(815301076,1909f56bfc062723c751e8b465ee728b)
Start importing Assets/ArvisMag_Assets/BlockySpaceShips/Fihter/FbxModel/Texture/Ship_Fiter_ [Albedo] 1.png using Guid(e9c18cec796d5ba40a86183cbfda296b) Importer(815301076,1909f56bfc062723c751e8b465ee728b)  -> (artifact id: 'ead364c7637ea8db407afcfc9130783d') in 0.370861 seconds 
========================================================================
Received Import Request.
  Time since last request: 144.428277 seconds.
  path: Assets/ArvisMag_Assets/BlockySpaceShips/Fihter/FbxModel/Texture/Ship_Fiter_ [Albedo] 1.png
  artifactKey: Guid(e9c18cec796d5ba40a86183cbfda296b) Importer(815301076,1909f56bfc062723c751e8b465ee728b)
Start importing Assets/ArvisMag_Assets/BlockySpaceShips/Fihter/FbxModel/Texture/Ship_Fiter_ [Albedo] 1.png using Guid(e9c18cec796d5ba40a86183cbfda296b) Importer(815301076,1909f56bfc062723c751e8b465ee728b)  -> (artifact id: 'f8a12c92e76296c5c4699437092324e0') in 0.166623 seconds 
========================================================================
Received Prepare
Registering precompiled user dll's ...
Registered in 0.010694 seconds.
Begin MonoManager ReloadAssembly
Native extension for WindowsStandalone target not found
Native extension for Android target not found
Refreshing native plugins compatible for Editor in 2.58 ms, found 2 plugins.
Preloading 0 native plugins for Editor in 0.00 ms.
Mono: successfully reloaded assembly
- Completed reload, in  5.223 seconds
Domain Reload Profiling:
	ReloadAssembly (5226ms)
		BeginReloadAssembly (463ms)
			ExecutionOrderSort (0ms)
			DisableScriptedObjects (27ms)
			BackupInstance (0ms)
			ReleaseScriptingObjects (0ms)
			CreateAndSetChildDomain (128ms)
		EndReloadAssembly (4398ms)
			LoadAssemblies (318ms)
			RebuildTransferFunctionScriptingTraits (0ms)
			SetupTypeCache (887ms)
			ReleaseScriptCaches (5ms)
			RebuildScriptCaches (252ms)
			SetupLoadedEditorAssemblies (2658ms)
				LogAssemblyErrors (0ms)
				InitializePlatformSupportModulesInManaged (122ms)
				SetLoadedEditorAssemblies (2ms)
				RefreshPlugins (3ms)
				BeforeProcessingInitializeOnLoad (372ms)
				ProcessInitializeOnLoadAttributes (1692ms)
				ProcessInitializeOnLoadMethodAttributes (398ms)
				AfterProcessingInitializeOnLoad (68ms)
				EditorAssembliesLoaded (0ms)
			ExecutionOrderSort2 (0ms)
			AwakeInstancesAfterBackupRestoration (60ms)
Platform modules already initialized, skipping
Refreshing native plugins compatible for Editor in 34.57 ms, found 2 plugins.
Preloading 0 native plugins for Editor in 0.00 ms.
Unloading 3464 Unused Serialized files (Serialized files now loaded: 0)
Unloading 22 unused Assets / (0.8 MB). Loaded Objects now: 4182.
Memory consumption went from 242.9 MB to 242.2 MB.
Total: 18.832300 ms (FindLiveObjects: 0.736400 ms CreateObjectMapping: 0.471300 ms MarkObjects: 16.553600 ms  DeleteObjects: 1.067200 ms)

AssetImportParameters requested are different than current active one (requested -> active):
  custom:video-decoder-ogg-theora: a1e56fd34408186e4bbccfd4996cb3dc -> 
  custom:container-muxer-webm: aa71ff27fc2769a1b78a27578f13a17b -> 
  custom:container-demuxer-webm: 4f35f7cbe854078d1ac9338744f61a02 -> 
  custom:video-encoder-webm-vp8: eb34c28f22e8b96e1ab97ce403110664 -> 
  custom:audio-encoder-webm-vorbis: bf7c407c2cedff20999df2af8eb42d56 -> 
  custom:framework-win-MediaFoundation: 216162199b28c13a410421893ffa2e32 -> 
  custom:container-demuxer-ogg: 62fdf1f143b41e24485cea50d1cbac27 -> 
  custom:video-decoder-webm-vp8: 9c59270c3fd7afecdb556c50c9e8de78 -> 
  custom:audio-decoder-ogg-vorbis: bf7c407c2cedff20999df2af8eb42d56 -> 
========================================================================
Received Import Request.
  Time since last request: 138.024782 seconds.
  path: Assets/48 Particle Effect Pack/Texture/Ring3.mat
  artifactKey: Guid(1d614f3d551c4444484365870e44b67d) Importer(815301076,1909f56bfc062723c751e8b465ee728b)
Start importing Assets/48 Particle Effect Pack/Texture/Ring3.mat using Guid(1d614f3d551c4444484365870e44b67d) Importer(815301076,1909f56bfc062723c751e8b465ee728b)  -> (artifact id: '09e2a5ce5c201bd20b32ce77bd9d0ae1') in 0.968267 seconds 
========================================================================
Received Import Request.
  Time since last request: 13.648070 seconds.
  path: Assets/PREFAB/effect
  artifactKey: Guid(ea4091c120817524890c4dd2d134addc) Importer(815301076,1909f56bfc062723c751e8b465ee728b)
Start importing Assets/PREFAB/effect using Guid(ea4091c120817524890c4dd2d134addc) Importer(815301076,1909f56bfc062723c751e8b465ee728b)  -> (artifact id: '417a5f21a25fe3d67693fcd46243bfb8') in 0.023653 seconds 
========================================================================
Received Import Request.
  Time since last request: 1.823702 seconds.
  path: Assets/48 Particle Effect Pack/Texture/Flash.mat
  artifactKey: Guid(1b50e61b749b338478dc4441f0ab6bbf) Importer(815301076,1909f56bfc062723c751e8b465ee728b)
Start importing Assets/48 Particle Effect Pack/Texture/Flash.mat using Guid(1b50e61b749b338478dc4441f0ab6bbf) Importer(815301076,1909f56bfc062723c751e8b465ee728b)  -> (artifact id: 'c40b4fe1c4d96238d3eb95ec116e1f1d') in 0.046481 seconds 
========================================================================
Received Import Request.
  Time since last request: 12.777259 seconds.
  path: Assets/JMO Assets/Cartoon FX/Materials/Animated/CFX_Anim_Triangle2_Add.mat
  artifactKey: Guid(92089ba5e33f01d418da1bd5ba5c31a6) Importer(815301076,1909f56bfc062723c751e8b465ee728b)
Start importing Assets/JMO Assets/Cartoon FX/Materials/Animated/CFX_Anim_Triangle2_Add.mat using Guid(92089ba5e33f01d418da1bd5ba5c31a6) Importer(815301076,1909f56bfc062723c751e8b465ee728b)  -> (artifact id: '9cdfe60292ecfad3e1008c6bffaa0a60') in 0.136872 seconds 
========================================================================
Received Import Request.
  Time since last request: 17.135040 seconds.
  path: Assets/48 Particle Effect Pack/Texture/Smoke3.mat
  artifactKey: Guid(be7533a6f81a2e14d9ab9d57915552ca) Importer(815301076,1909f56bfc062723c751e8b465ee728b)
Start importing Assets/48 Particle Effect Pack/Texture/Smoke3.mat using Guid(be7533a6f81a2e14d9ab9d57915552ca) Importer(815301076,1909f56bfc062723c751e8b465ee728b)  -> (artifact id: 'c73272fe1ce1dfbc5c42cc4966939a58') in 0.079516 seconds 
========================================================================
Received Import Request.
  Time since last request: 1.802701 seconds.
  path: Packages/com.unity.render-pipelines.universal/Runtime/Materials/Sprite-Lit-Default.mat
  artifactKey: Guid(a97c105638bdf8b4a8650670310a4cd3) Importer(815301076,1909f56bfc062723c751e8b465ee728b)
Start importing Packages/com.unity.render-pipelines.universal/Runtime/Materials/Sprite-Lit-Default.mat using Guid(a97c105638bdf8b4a8650670310a4cd3) Importer(815301076,1909f56bfc062723c751e8b465ee728b)  -> (artifact id: 'fed60c77203f757040302f4660b95b49') in 0.054088 seconds 
========================================================================
Received Prepare
Registering precompiled user dll's ...
Registered in 0.014814 seconds.
Begin MonoManager ReloadAssembly
Native extension for WindowsStandalone target not found
Native extension for Android target not found
Refreshing native plugins compatible for Editor in 3.12 ms, found 2 plugins.
Preloading 0 native plugins for Editor in 0.00 ms.
Mono: successfully reloaded assembly
- Completed reload, in  5.236 seconds
Domain Reload Profiling:
	ReloadAssembly (5239ms)
		BeginReloadAssembly (489ms)
			ExecutionOrderSort (0ms)
			DisableScriptedObjects (32ms)
			BackupInstance (0ms)
			ReleaseScriptingObjects (0ms)
			CreateAndSetChildDomain (117ms)
		EndReloadAssembly (4345ms)
			LoadAssemblies (329ms)
			RebuildTransferFunctionScriptingTraits (0ms)
			SetupTypeCache (915ms)
			ReleaseScriptCaches (7ms)
			RebuildScriptCaches (312ms)
			SetupLoadedEditorAssemblies (2509ms)
				LogAssemblyErrors (0ms)
				InitializePlatformSupportModulesInManaged (99ms)
				SetLoadedEditorAssemblies (2ms)
				RefreshPlugins (3ms)
				BeforeProcessingInitializeOnLoad (335ms)
				ProcessInitializeOnLoadAttributes (1662ms)
				ProcessInitializeOnLoadMethodAttributes (374ms)
				AfterProcessingInitializeOnLoad (33ms)
				EditorAssembliesLoaded (1ms)
			ExecutionOrderSort2 (0ms)
			AwakeInstancesAfterBackupRestoration (51ms)
Platform modules already initialized, skipping
Refreshing native plugins compatible for Editor in 12.86 ms, found 2 plugins.
Preloading 0 native plugins for Editor in 0.00 ms.
Unloading 3464 Unused Serialized files (Serialized files now loaded: 0)
Unloading 22 unused Assets / (0.8 MB). Loaded Objects now: 4226.
Memory consumption went from 242.8 MB to 242.1 MB.
Total: 32.868000 ms (FindLiveObjects: 2.020000 ms CreateObjectMapping: 1.405600 ms MarkObjects: 28.324000 ms  DeleteObjects: 1.114800 ms)

AssetImportParameters requested are different than current active one (requested -> active):
  custom:video-decoder-ogg-theora: a1e56fd34408186e4bbccfd4996cb3dc -> 
  custom:container-muxer-webm: aa71ff27fc2769a1b78a27578f13a17b -> 
  custom:container-demuxer-webm: 4f35f7cbe854078d1ac9338744f61a02 -> 
  custom:video-encoder-webm-vp8: eb34c28f22e8b96e1ab97ce403110664 -> 
  custom:audio-encoder-webm-vorbis: bf7c407c2cedff20999df2af8eb42d56 -> 
  custom:framework-win-MediaFoundation: 216162199b28c13a410421893ffa2e32 -> 
  custom:container-demuxer-ogg: 62fdf1f143b41e24485cea50d1cbac27 -> 
  custom:video-decoder-webm-vp8: 9c59270c3fd7afecdb556c50c9e8de78 -> 
  custom:audio-decoder-ogg-vorbis: bf7c407c2cedff20999df2af8eb42d56 -> 
========================================================================
Received Import Request.
  Time since last request: 60.046794 seconds.
  path: Assets/Space Shooter Template FREE/Sprites/VFX/Muzzle/Muzzle.mat
  artifactKey: Guid(4fa12924968c51a4fbf7f67f630db413) Importer(815301076,1909f56bfc062723c751e8b465ee728b)
Start importing Assets/Space Shooter Template FREE/Sprites/VFX/Muzzle/Muzzle.mat using Guid(4fa12924968c51a4fbf7f67f630db413) Importer(815301076,1909f56bfc062723c751e8b465ee728b)  -> (artifact id: '4a287797776e7318f78b396b1a25919e') in 0.981547 seconds 
========================================================================
Received Prepare
Registering precompiled user dll's ...
Registered in 0.012117 seconds.
Begin MonoManager ReloadAssembly
Native extension for WindowsStandalone target not found
Native extension for Android target not found
Refreshing native plugins compatible for Editor in 2.59 ms, found 2 plugins.
Preloading 0 native plugins for Editor in 0.00 ms.
Mono: successfully reloaded assembly
- Completed reload, in  5.338 seconds
Domain Reload Profiling:
	ReloadAssembly (5340ms)
		BeginReloadAssembly (485ms)
			ExecutionOrderSort (0ms)
			DisableScriptedObjects (30ms)
			BackupInstance (0ms)
			ReleaseScriptingObjects (0ms)
			CreateAndSetChildDomain (157ms)
		EndReloadAssembly (4476ms)
			LoadAssemblies (295ms)
			RebuildTransferFunctionScriptingTraits (0ms)
			SetupTypeCache (865ms)
			ReleaseScriptCaches (6ms)
			RebuildScriptCaches (277ms)
			SetupLoadedEditorAssemblies (2658ms)
				LogAssemblyErrors (0ms)
				InitializePlatformSupportModulesInManaged (109ms)
				SetLoadedEditorAssemblies (2ms)
				RefreshPlugins (3ms)
				BeforeProcessingInitializeOnLoad (381ms)
				ProcessInitializeOnLoadAttributes (1713ms)
				ProcessInitializeOnLoadMethodAttributes (414ms)
				AfterProcessingInitializeOnLoad (36ms)
				EditorAssembliesLoaded (1ms)
			ExecutionOrderSort2 (0ms)
			AwakeInstancesAfterBackupRestoration (68ms)
Platform modules already initialized, skipping
Refreshing native plugins compatible for Editor in 8.02 ms, found 2 plugins.
Preloading 0 native plugins for Editor in 0.00 ms.
Unloading 3464 Unused Serialized files (Serialized files now loaded: 0)
Unloading 22 unused Assets / (0.8 MB). Loaded Objects now: 4270.
Memory consumption went from 242.9 MB to 242.1 MB.
Total: 69.021800 ms (FindLiveObjects: 10.750200 ms CreateObjectMapping: 0.820500 ms MarkObjects: 56.433600 ms  DeleteObjects: 1.009400 ms)

AssetImportParameters requested are different than current active one (requested -> active):
  custom:video-decoder-ogg-theora: a1e56fd34408186e4bbccfd4996cb3dc -> 
  custom:container-muxer-webm: aa71ff27fc2769a1b78a27578f13a17b -> 
  custom:container-demuxer-webm: 4f35f7cbe854078d1ac9338744f61a02 -> 
  custom:video-encoder-webm-vp8: eb34c28f22e8b96e1ab97ce403110664 -> 
  custom:audio-encoder-webm-vorbis: bf7c407c2cedff20999df2af8eb42d56 -> 
  custom:framework-win-MediaFoundation: 216162199b28c13a410421893ffa2e32 -> 
  custom:container-demuxer-ogg: 62fdf1f143b41e24485cea50d1cbac27 -> 
  custom:video-decoder-webm-vp8: 9c59270c3fd7afecdb556c50c9e8de78 -> 
  custom:audio-decoder-ogg-vorbis: bf7c407c2cedff20999df2af8eb42d56 -> 
